======================
Working with DrugBank
Trained model returned: AUC 0.7696688462349717, AUPR: 0.7211784301075712
TEST:
DrugBank
0.793571790113042 0.7443068791719646
Trained model returned: AUC 0.7627082893904239, AUPR: 0.7143795632275066
TEST:
DrugBank_WO_BIOSNAP
0.764814279520162 0.7043161377075899
Trained model returned: AUC 0.7694579202699853, AUPR: 0.7202950782421033
TEST:
DrugBank_WO_BindingDB
0.5955027791814047 0.5577680517800949
Trained model returned: AUC 0.7662940307951909, AUPR: 0.7139051739080274
TEST:
DrugBank_WO_Davis
0.49700149925037485 0.4985796575396512
Trained model returned: AUC 0.7615481965829994, AUPR: 0.7117730402902307
TEST:
DrugBank_WO_E
0.5767123287671234 0.5481417917433768
Trained model returned: AUC 0.7690360683400127, AUPR: 0.7200716380512544
TEST:
DrugBank_WO_GPCR
0.5914826498422714 0.551015672526356
Trained model returned: AUC 0.763446530267876, AUPR: 0.7144393828575621
TEST:
DrugBank_WO_IC
0.5718157181571815 0.54033886380773
Trained model returned: AUC 0.7607044927230542, AUPR: 0.7108696758981825
TEST:
DrugBank_WO_NR
0.5813953488372093 0.5480023852116875
======================
Working with BIOSNAP
Trained model returned: AUC 0.7826165522226238, AUPR: 0.7430606443608938
TEST:
BIOSNAP_WO_DrugBank
0.678441876159946 0.6549843632123584
Trained model returned: AUC 0.7893024936754608, AUPR: 0.750834945227096
TEST:
BIOSNAP
0.8153273594450064 0.7769261338213406
Trained model returned: AUC 0.7938200216841345, AUPR: 0.7568896045940015
TEST:
BIOSNAP_WO_BindingDB
0.5774802088596934 0.5529283592369563
Trained model returned: AUC 0.7822551499819298, AUPR: 0.7435631103700947
TEST:
BIOSNAP_WO_Davis
0.5029985007496252 0.5016658337497918
Trained model returned: AUC 0.7837007589447055, AUPR: 0.7434494195141382
TEST:
BIOSNAP_WO_E
0.5883561643835616 0.5647891946790855
Trained model returned: AUC 0.7911095048789302, AUPR: 0.7513232261336367
TEST:
BIOSNAP_WO_GPCR
0.6348580441640379 0.5823069095349547
Trained model returned: AUC 0.7893024936754608, AUPR: 0.7517185821068966
TEST:
BIOSNAP_WO_IC
0.5619918699186992 0.5411430836133049
Trained model returned: AUC 0.7876761835923383, AUPR: 0.7473599010816581
TEST:
BIOSNAP_WO_NR
0.49418604651162784 0.49720930232558136
======================
Working with BindingDB
Trained model returned: AUC 0.8433024431339512, AUPR: 0.8057794531845068
TEST:
BindingDB_WO_DrugBank
0.5277965243799562 0.52210521092044
Trained model returned: AUC 0.8319292333614153, AUPR: 0.7902803181487663
TEST:
BindingDB_WO_BIOSNAP
0.529773088596618 0.5223117939967391
Trained model returned: AUC 0.8538331929233363, AUPR: 0.8152871188339226
TEST:
BindingDB
0.8733367020380662 0.8309579412661778
Trained model returned: AUC 0.845408593091828, AUPR: 0.8045641877634648
TEST:
BindingDB_WO_Davis
0.5074962518740629 0.5050867423431141
Trained model returned: AUC 0.8529907329401853, AUPR: 0.8111976589126588
TEST:
BindingDB_WO_E
0.5041095890410959 0.5025382755842063
Trained model returned: AUC 0.8449873631002528, AUPR: 0.8064010987914092
TEST:
BindingDB_WO_GPCR
0.5102523659305993 0.5055300640474142
Trained model returned: AUC 0.8487784330244312, AUPR: 0.8088345342702368
TEST:
BindingDB_WO_IC
0.49762872628726285 0.49893464514355285
Trained model returned: AUC 0.8618365627632687, AUPR: 0.8241522018487533
TEST:
BindingDB_WO_NR
0.5 0.5
======================
Working with Davis
Trained model returned: AUC 0.8007518796992481, AUPR: 0.7429149797570851
TEST:
Davis_WO_DrugBank
0.4937152016197064 0.49811287555337025
Trained model returned: AUC 0.7631578947368421, AUPR: 0.7184707050645481
TEST:
Davis_WO_BIOSNAP
0.5015175603410897 0.5012567296574649
Trained model returned: AUC 0.7368421052631579, AUPR: 0.6894736842105263
TEST:
Davis_WO_BindingDB
0.4986525181067879 0.4993612585830878
Trained model returned: AUC 0.7744360902255639, AUPR: 0.7258633308936057
TEST:
Davis
0.8298350824587706 0.7758712386925802
Trained model returned: AUC 0.7518796992481203, AUPR: 0.7047993816316491
TEST:
Davis_WO_E
0.4950342465753425 0.49830836971247927
Trained model returned: AUC 0.8082706766917293, AUPR: 0.7577345001848885
TEST:
Davis_WO_GPCR
0.501577287066246 0.5008324570627409
Trained model returned: AUC 0.7857142857142858, AUPR: 0.7380952380952381
TEST:
Davis_WO_IC
0.5020325203252033 0.5010558547143913
Trained model returned: AUC 0.7706766917293232, AUPR: 0.720815195884448
TEST:
Davis_WO_NR
0.5174418604651163 0.5099667774086378
======================
Working with E
Trained model returned: AUC 0.8202054794520548, AUPR: 0.768578146714314
TEST:
E_WO_DrugBank
0.5394592542601653 0.5257309492501256
Trained model returned: AUC 0.8133561643835617, AUPR: 0.7624791487640903
TEST:
E_WO_BIOSNAP
0.5996169966758201 0.5782926364664349
Trained model returned: AUC 0.8236301369863013, AUPR: 0.7789914974019838
TEST:
E_WO_BindingDB
0.4978103419235304 0.49892983782051226
Trained model returned: AUC 0.8125, AUPR: 0.757909982174688
TEST:
E_WO_Davis
0.48125937031484256 0.4911537519830689
Trained model returned: AUC 0.8142123287671232, AUPR: 0.7613701107285293
TEST:
E
0.8498287671232878 0.7947099201410734
Trained model returned: AUC 0.8304794520547945, AUPR: 0.784236991412799
TEST:
E_WO_GPCR
0.4897476340694006 0.4958684495503555
Trained model returned: AUC 0.8176369863013698, AUPR: 0.7665363376825023
TEST:
E_WO_IC
0.5121951219512195 0.5068391562294001
Trained model returned: AUC 0.853595890410959, AUPR: 0.806491642132412
TEST:
E_WO_NR
0.4767441860465116 0.4909560723514212
======================
Working with GPCR
Trained model returned: AUC 0.7182539682539683, AUPR: 0.6529370872436566
TEST:
GPCR_WO_DrugBank
0.5384047578876329 0.5269989301270248
Trained model returned: AUC 0.75, AUPR: 0.6833333333333333
TEST:
GPCR_WO_BIOSNAP
0.5323384882208411 0.520809024001035
Trained model returned: AUC 0.7182539682539684, AUPR: 0.6579236030455544
TEST:
GPCR_WO_BindingDB
0.530823648307226 0.5166509998215001
Trained model returned: AUC 0.75, AUPR: 0.6890243902439025
TEST:
GPCR_WO_Davis
0.49925037481259366 0.4996358963375455
Trained model returned: AUC 0.7380952380952381, AUPR: 0.6757369614512472
TEST:
GPCR_WO_E
0.5018835616438356 0.5009965934623468
Trained model returned: AUC 0.7817460317460319, AUPR: 0.722189959994838
TEST:
GPCR
0.8130914826498423 0.7505679187923853
Trained model returned: AUC 0.738095238095238, AUPR: 0.6851851851851851
TEST:
GPCR_WO_IC
0.5115176151761517 0.5062272273440438
Trained model returned: AUC 0.7738095238095237, AUPR: 0.7090149036713922
TEST:
GPCR_WO_NR
0.47674418604651164 0.49612403100775193
======================
Working with IC
Trained model returned: AUC 0.7610169491525424, AUPR: 0.6957627118644067
TEST:
IC_WO_DrugBank
0.5546229120971824 0.5316919781668629
Trained model returned: AUC 0.8135593220338982, AUPR: 0.750644506609621
TEST:
IC_WO_BIOSNAP
0.5755528255528256 0.5502413771310726
Trained model returned: AUC 0.7898305084745764, AUPR: 0.7294903684849887
TEST:
IC_WO_BindingDB
0.5313289540171804 0.5173915622033726
Trained model returned: AUC 0.7728813559322034, AUPR: 0.7119284757411615
TEST:
IC_WO_Davis
0.4857571214392803 0.49407597086412547
Trained model returned: AUC 0.7627118644067796, AUPR: 0.7013221503873259
TEST:
IC_WO_E
0.5208904109589042 0.5118213556614101
Trained model returned: AUC 0.7745762711864407, AUPR: 0.7129367001037703
TEST:
IC_WO_GPCR
0.49211356466876977 0.49650487525093207
Trained model returned: AUC 0.7813559322033898, AUPR: 0.7252886268730042
TEST:
IC
0.8407859078590786 0.7786096910842846
Trained model returned: AUC 0.8084745762711866, AUPR: 0.7552127789293988
TEST:
IC_WO_NR
0.5348837209302326 0.522198731501057
======================
Working with NR
Trained model returned: AUC 0.5588235294117647, AUPR: 0.5336134453781513
TEST:
NR_WO_DrugBank
0.4940104606040155 0.4970341613379364
Trained model returned: AUC 0.7058823529411764, AUPR: 0.6509803921568627
TEST:
NR_WO_BIOSNAP
0.4841740135857783 0.49222225579877044
Trained model returned: AUC 0.7058823529411764, AUPR: 0.6509803921568627
TEST:
NR_WO_BindingDB
0.5017685699848409 0.5008862452990646
Trained model returned: AUC 0.6764705882352942, AUPR: 0.6176470588235294
TEST:
NR_WO_Davis
0.45127436281859074 0.48004827669730593
Trained model returned: AUC 0.6176470588235293, AUPR: 0.5756302521008403
TEST:
NR_WO_E
0.533390410958904 0.5183108705258506
Trained model returned: AUC 0.7058823529411763, AUPR: 0.6408668730650154
TEST:
NR_WO_GPCR
0.5055205047318613 0.5027915680329671
Trained model returned: AUC 0.5588235294117647, AUPR: 0.5326797385620915
TEST:
NR_WO_IC
0.5172764227642276 0.5088883810473539
Trained model returned: AUC 0.6176470588235293, AUPR: 0.5756302521008403
TEST:
NR
0.7383720930232559 0.671730432608152
finished!!!
           DrugBank   BIOSNAP  BindingDB  ...      GPCR        IC        NR
DrugBank   0.793572  0.678442   0.527797  ...  0.538405  0.554623  0.494010
BIOSNAP    0.764814  0.815327   0.529773  ...  0.532338  0.575553  0.484174
BindingDB  0.595503  0.577480   0.873337  ...  0.530824  0.531329  0.501769
Davis      0.497001  0.502999   0.507496  ...  0.499250  0.485757  0.451274
E          0.576712  0.588356   0.504110  ...  0.501884  0.520890  0.533390
GPCR       0.591483  0.634858   0.510252  ...  0.813091  0.492114  0.505521
IC         0.571816  0.561992   0.497629  ...  0.511518  0.840786  0.517276
NR         0.581395  0.494186   0.500000  ...  0.476744  0.534884  0.738372

[8 rows x 8 columns]
           DrugBank   BIOSNAP  BindingDB  ...      GPCR        IC        NR
DrugBank   0.744307  0.654984   0.522105  ...  0.526999  0.531692  0.497034
BIOSNAP    0.704316  0.776926   0.522312  ...  0.520809  0.550241  0.492222
BindingDB  0.557768  0.552928   0.830958  ...  0.516651  0.517392  0.500886
Davis      0.498580  0.501666   0.505087  ...  0.499636  0.494076  0.480048
E          0.548142  0.564789   0.502538  ...  0.500997  0.511821  0.518311
GPCR       0.551016  0.582307   0.505530  ...  0.750568  0.496505  0.502792
IC         0.540339  0.541143   0.498935  ...  0.506227  0.778610  0.508888
NR         0.548002  0.497209   0.500000  ...  0.496124  0.522199  0.671730

[8 rows x 8 columns]
======================
Working with DrugBank
Trained model returned: AUC 0.76123180763552, AUPR: 0.7129614354432605
TEST:
DrugBank
0.7855365277543445 0.7360163474621515
Trained model returned: AUC 0.7541657878084792, AUPR: 0.7026304455345349
TEST:
DrugBank_WO_BIOSNAP
0.7584188466541408 0.6963585147116953
Trained model returned: AUC 0.7632356043028896, AUPR: 0.7133793835775291
TEST:
DrugBank_WO_BindingDB
0.5980293077311774 0.5599527399659616
Trained model returned: AUC 0.7592280109681501, AUPR: 0.7080847506761578
TEST:
DrugBank_WO_Davis
0.5059970014992503 0.5033060392880483
Trained model returned: AUC 0.7661885678126978, AUPR: 0.7179250850628198
TEST:
DrugBank_WO_E
0.5705479452054795 0.5437233195285123
Trained model returned: AUC 0.7675595865851086, AUPR: 0.7174787663093756
TEST:
DrugBank_WO_GPCR
0.5764984227129337 0.5418270064399551
Trained model returned: AUC 0.7732545876397384, AUPR: 0.7254161872954853
TEST:
DrugBank_WO_IC
0.5562330623306233 0.530795833216656
Trained model returned: AUC 0.7694579202699852, AUPR: 0.7191617521744593
TEST:
DrugBank_WO_NR
0.563953488372093 0.5364292022372682
======================
Working with BIOSNAP
Trained model returned: AUC 0.7757499096494397, AUPR: 0.7299122168818164
TEST:
BIOSNAP_WO_DrugBank
0.6793909228952254 0.6554216498584837
Trained model returned: AUC 0.785327069027828, AUPR: 0.746329305796689
TEST:
BIOSNAP
0.8116057233704292 0.7708605667009101
Trained model returned: AUC 0.7842428623057462, AUPR: 0.7448118359316832
TEST:
BIOSNAP_WO_BindingDB
0.5605524675762169 0.5401307435634141
Trained model returned: AUC 0.7827972533429708, AUPR: 0.7416654371567026
TEST:
BIOSNAP_WO_Davis
0.49925037481259366 0.49963531747639695
Trained model returned: AUC 0.7891217925551139, AUPR: 0.7493151689424533
TEST:
BIOSNAP_WO_E
0.5698630136986301 0.547748102887553
Trained model returned: AUC 0.7844235634260932, AUPR: 0.7449855853936413
TEST:
BIOSNAP_WO_GPCR
0.6506309148264985 0.5976875450741055
Trained model returned: AUC 0.7930972172027466, AUPR: 0.7564939569600355
TEST:
BIOSNAP_WO_IC
0.554539295392954 0.5364738684074472
Trained model returned: AUC 0.7867726779906036, AUPR: 0.7493733534273204
TEST:
BIOSNAP_WO_NR
0.5116279069767442 0.5061199510403916
======================
Working with BindingDB
Trained model returned: AUC 0.8475147430497052, AUPR: 0.807354604989907
TEST:
BindingDB_WO_DrugBank
0.5225873122996457 0.5171795470191466
Trained model returned: AUC 0.8399326032013479, AUPR: 0.8007220741380848
TEST:
BindingDB_WO_BIOSNAP
0.5318326347738112 0.5244198198840941
Trained model returned: AUC 0.8403538331929233, AUPR: 0.8008831415108543
TEST:
BindingDB
0.8688731682668014 0.8280256773620347
Trained model returned: AUC 0.8521482729570345, AUPR: 0.8170683683712764
TEST:
BindingDB_WO_Davis
0.5029985007496253 0.5019990004997501
Trained model returned: AUC 0.850463352990733, AUPR: 0.8132929973705036
TEST:
BindingDB_WO_E
0.5061643835616438 0.5040225214766659
Trained model returned: AUC 0.8331929233361416, AUPR: 0.795160170135821
TEST:
BindingDB_WO_GPCR
0.5378548895899053 0.5243352861649392
Trained model returned: AUC 0.85256950294861, AUPR: 0.8112804852199531
TEST:
BindingDB_WO_IC
0.5060975609756099 0.5041920731707317
Trained model returned: AUC 0.8563605728727886, AUPR: 0.8177548441449032
TEST:
BindingDB_WO_NR
0.48255813953488375 0.49501661129568103
======================
Working with Davis
Trained model returned: AUC 0.7518796992481203, AUPR: 0.6968471599165982
TEST:
Davis_WO_DrugBank
0.5010334064450818 0.5005551227337769
Trained model returned: AUC 0.7669172932330828, AUPR: 0.7203904256052978
TEST:
Davis_WO_BIOSNAP
0.49613383436912845 0.4985338243205724
Trained model returned: AUC 0.7744360902255638, AUPR: 0.7243216737495914
TEST:
Davis_WO_BindingDB
0.49907360619841673 0.49962316184342376
Trained model returned: AUC 0.7518796992481203, AUPR: 0.6980592506908296
TEST:
Davis
0.8388305847076463 0.7854390986325019
Trained model returned: AUC 0.7744360902255638, AUPR: 0.73083409458225
TEST:
Davis_WO_E
0.49469178082191784 0.49798369969204626
Trained model returned: AUC 0.763157894736842, AUPR: 0.7096342551293489
TEST:
Davis_WO_GPCR
0.4826498422712933 0.4935969656001202
Trained model returned: AUC 0.763157894736842, AUPR: 0.7123730378578024
TEST:
Davis_WO_IC
0.5030487804878049 0.501623091770486
Trained model returned: AUC 0.744360902255639, AUPR: 0.6900584795321638
TEST:
Davis_WO_NR
0.4709302325581396 0.4876673713883016
======================
Working with E
Trained model returned: AUC 0.8073630136986302, AUPR: 0.7509860235316856
TEST:
E_WO_DrugBank
0.5372869917327485 0.5252437563172652
Trained model returned: AUC 0.8125, AUPR: 0.759009009009009
TEST:
E_WO_BIOSNAP
0.59181240063593 0.5679526291608963
Trained model returned: AUC 0.8279109589041096, AUPR: 0.772409622163863
TEST:
E_WO_BindingDB
0.5061478861377801 0.503237141500911
Trained model returned: AUC 0.8373287671232876, AUPR: 0.7912728099883739
TEST:
E_WO_Davis
0.507496251874063 0.5039266081245092
Trained model returned: AUC 0.8321917808219178, AUPR: 0.7787623335568541
TEST:
E
0.8623287671232877 0.8105849897792126
Trained model returned: AUC 0.8518835616438356, AUPR: 0.8048403047395796
TEST:
E_WO_GPCR
0.4944794952681388 0.49754644234139506
Trained model returned: AUC 0.8107876712328768, AUPR: 0.7596599397361558
TEST:
E_WO_IC
0.49390243902439024 0.4972228930210094
Trained model returned: AUC 0.8244863013698631, AUPR: 0.7780438175579805
TEST:
E_WO_NR
0.47674418604651164 0.48992248062015503
======================
Working with GPCR
Trained model returned: AUC 0.7936507936507936, AUPR: 0.7330561854371378
TEST:
GPCR_WO_DrugBank
0.522207693605534 0.5131943797338082
Trained model returned: AUC 0.757936507936508, AUPR: 0.7006172839506173
TEST:
GPCR_WO_BIOSNAP
0.5372886255239195 0.5240950013654563
Trained model returned: AUC 0.8015873015873017, AUPR: 0.7403273809523809
TEST:
GPCR_WO_BindingDB
0.5157486946269159 0.508887769851391
Trained model returned: AUC 0.7103174603174602, AUPR: 0.6553696553696553
TEST:
GPCR_WO_Davis
0.505247376311844 0.503848075962019
Trained model returned: AUC 0.7896825396825397, AUPR: 0.7352123185456518
TEST:
GPCR_WO_E
0.500513698630137 0.500260046609447
Trained model returned: AUC 0.7658730158730158, AUPR: 0.70092693565976
TEST:
GPCR
0.8146687697160884 0.7487119970245064
Trained model returned: AUC 0.746031746031746, AUPR: 0.6845238095238095
TEST:
GPCR_WO_IC
0.5484417344173441 0.5279252351347042
Trained model returned: AUC 0.7896825396825397, AUPR: 0.7268057093638489
TEST:
GPCR_WO_NR
0.4941860465116279 0.5
======================
Working with IC
Trained model returned: AUC 0.8372881355932204, AUPR: 0.7839711107228143
TEST:
IC_WO_DrugBank
0.5422009448287497 0.5229283457119707
Trained model returned: AUC 0.7966101694915254, AUPR: 0.7317564989917706
TEST:
IC_WO_BIOSNAP
0.5748301777713541 0.5515937986902951
Trained model returned: AUC 0.7779661016949152, AUPR: 0.7159871736142922
TEST:
IC_WO_BindingDB
0.5210544045814384 0.5115699125017651
Trained model returned: AUC 0.7864406779661016, AUPR: 0.7293564147415404
TEST:
IC_WO_Davis
0.49550224887556227 0.4978236688107559
Trained model returned: AUC 0.8033898305084747, AUPR: 0.741905512697787
TEST:
IC_WO_E
0.5179794520547945 0.5104531697992991
Trained model returned: AUC 0.7864406779661017, AUPR: 0.728147487362474
TEST:
IC_WO_GPCR
0.4968454258675079 0.49847050951151894
Trained model returned: AUC 0.8016949152542374, AUPR: 0.7415597801191022
TEST:
IC
0.8543360433604336 0.7917030962645843
Trained model returned: AUC 0.8, AUPR: 0.7393939393939394
TEST:
IC_WO_NR
0.5058139534883722 0.5033222591362126
======================
Working with NR
Trained model returned: AUC 0.6470588235294117, AUPR: 0.5951557093425606
TEST:
NR_WO_DrugBank
0.4699890332377256 0.4867535414851087
Trained model returned: AUC 0.6470588235294117, AUPR: 0.6018099547511312
TEST:
NR_WO_BIOSNAP
0.5043720190779014 0.5021980047842554
Trained model returned: AUC 0.5882352941176471, AUPR: 0.5519031141868512
TEST:
NR_WO_BindingDB
0.47987198922014485 0.4903352140769923
Trained model returned: AUC 0.6176470588235293, AUPR: 0.5756302521008403
TEST:
NR_WO_Davis
0.5224887556221889 0.5123763621544932
Trained model returned: AUC 0.7058823529411763, AUPR: 0.6408668730650154
TEST:
NR_WO_E
0.49075342465753424 0.4954314617880317
Trained model returned: AUC 0.5588235294117647, AUPR: 0.5336134453781513
TEST:
NR_WO_GPCR
0.5212933753943217 0.5111572748513764
Trained model returned: AUC 0.7941176470588235, AUPR: 0.7205882352941176
TEST:
NR_WO_IC
0.5396341463414634 0.5210341847512964
Trained model returned: AUC 0.588235294117647, AUPR: 0.5510835913312694
TEST:
NR
0.7441860465116279 0.6744186046511629
finished!!!
           DrugBank   BIOSNAP  BindingDB  ...      GPCR        IC        NR
DrugBank   0.785537  0.679391   0.522587  ...  0.522208  0.542201  0.469989
BIOSNAP    0.758419  0.811606   0.531833  ...  0.537289  0.574830  0.504372
BindingDB  0.598029  0.560552   0.868873  ...  0.515749  0.521054  0.479872
Davis      0.505997  0.499250   0.502999  ...  0.505247  0.495502  0.522489
E          0.570548  0.569863   0.506164  ...  0.500514  0.517979  0.490753
GPCR       0.576498  0.650631   0.537855  ...  0.814669  0.496845  0.521293
IC         0.556233  0.554539   0.506098  ...  0.548442  0.854336  0.539634
NR         0.563953  0.511628   0.482558  ...  0.494186  0.505814  0.744186

[8 rows x 8 columns]
           DrugBank   BIOSNAP  BindingDB  ...      GPCR        IC        NR
DrugBank   0.736016  0.655422   0.517180  ...  0.513194  0.522928  0.486754
BIOSNAP    0.696359  0.770861   0.524420  ...  0.524095  0.551594  0.502198
BindingDB  0.559953  0.540131   0.828026  ...  0.508888  0.511570  0.490335
Davis      0.503306  0.499635   0.501999  ...  0.503848  0.497824  0.512376
E          0.543723  0.547748   0.504023  ...  0.500260  0.510453  0.495431
GPCR       0.541827  0.597688   0.524335  ...  0.748712  0.498471  0.511157
IC         0.530796  0.536474   0.504192  ...  0.527925  0.791703  0.521034
NR         0.536429  0.506120   0.495017  ...  0.500000  0.503322  0.674419

[8 rows x 8 columns]
======================
Working with DrugBank
Trained model returned: AUC 0.76861421641004, AUPR: 0.7194228595357456
TEST:
DrugBank
0.7905348405601484 0.7395126864465197
Trained model returned: AUC 0.7763130141320397, AUPR: 0.7285134837292679
TEST:
DrugBank_WO_BIOSNAP
0.7614178349472467 0.6988659638103198
Trained model returned: AUC 0.7611263446530268, AUPR: 0.7092953726870704
TEST:
DrugBank_WO_BindingDB
0.5870810173488293 0.552739708913349
Trained model returned: AUC 0.7626028264079309, AUPR: 0.7121872417239737
TEST:
DrugBank_WO_Davis
0.492503748125937 0.49680306905370847
Trained model returned: AUC 0.7649230120227799, AUPR: 0.7154398858369788
TEST:
DrugBank_WO_E
0.5710616438356164 0.5444296095435719
Trained model returned: AUC 0.7706180130774097, AUPR: 0.7212077969341322
TEST:
DrugBank_WO_GPCR
0.6261829652996846 0.5741601638164813
Trained model returned: AUC 0.7674541236026154, AUPR: 0.7173394456100151
TEST:
DrugBank_WO_IC
0.5636856368563686 0.535670471794232
Trained model returned: AUC 0.7681923644800674, AUPR: 0.7181086462549158
TEST:
DrugBank_WO_NR
0.5755813953488371 0.5438558713752513
======================
Working with BIOSNAP
Trained model returned: AUC 0.7849656667871342, AUPR: 0.7463642149292375
TEST:
BIOSNAP_WO_DrugBank
0.6792432934030707 0.657990228993641
Trained model returned: AUC 0.7893024936754607, AUPR: 0.7531227438809184
TEST:
BIOSNAP
0.8178204942910825 0.7786032197343562
Trained model returned: AUC 0.7865919768702566, AUPR: 0.7483179097189145
TEST:
BIOSNAP_WO_BindingDB
0.5818595250126327 0.5553755610379574
Trained model returned: AUC 0.7793639320563788, AUPR: 0.738559401687338
TEST:
BIOSNAP_WO_Davis
0.5134932533733134 0.5086441154422788
Trained model returned: AUC 0.7862305746295627, AUPR: 0.7457849499536462
TEST:
BIOSNAP_WO_E
0.5768835616438356 0.5549905436110272
Trained model returned: AUC 0.7770148174918684, AUPR: 0.7357734910214804
TEST:
BIOSNAP_WO_GPCR
0.6664037854889591 0.6128066134343364
Trained model returned: AUC 0.7847849656667871, AUPR: 0.7451445675153663
TEST:
BIOSNAP_WO_IC
0.5538617886178862 0.5356875654646117
Trained model returned: AUC 0.7896638959161546, AUPR: 0.7547068237634715
TEST:
BIOSNAP_WO_NR
0.5406976744186046 0.5238230289279636
======================
Working with BindingDB
Trained model returned: AUC 0.8504633529907328, AUPR: 0.8063402689811083
TEST:
BindingDB_WO_DrugBank
0.5239370676564872 0.5184837788618439
Trained model returned: AUC 0.8635214827295704, AUPR: 0.8265987097838152
TEST:
BindingDB_WO_BIOSNAP
0.5319410319410319 0.525020475020475
Trained model returned: AUC 0.8475147430497051, AUPR: 0.8091207629393978
TEST:
BindingDB
0.8655044635337712 0.822439566368556
Trained model returned: AUC 0.8572030328559395, AUPR: 0.8228435030288443
TEST:
BindingDB_WO_Davis
0.5037481259370314 0.5037481259370314
Trained model returned: AUC 0.8521482729570347, AUPR: 0.8157306621863356
TEST:
BindingDB_WO_E
0.5030821917808219 0.5017337328767123
Trained model returned: AUC 0.8508845829823083, AUPR: 0.8158298311761987
TEST:
BindingDB_WO_GPCR
0.5410094637223976 0.525889812956059
Trained model returned: AUC 0.8433024431339511, AUPR: 0.8015451357518271
TEST:
BindingDB_WO_IC
0.49762872628726285 0.49912175047676405
Trained model returned: AUC 0.8618365627632687, AUPR: 0.8254846104112381
TEST:
BindingDB_WO_NR
0.4941860465116279 0.49806201550387597
======================
Working with Davis
Trained model returned: AUC 0.7857142857142857, AUPR: 0.7364532019704433
TEST:
Davis_WO_DrugBank
0.49175383836679604 0.49684168555041863
Trained model returned: AUC 0.7481203007518797, AUPR: 0.6984962406015037
TEST:
Davis_WO_BIOSNAP
0.4960254372019078 0.49841904007659527
Trained model returned: AUC 0.7593984962406015, AUPR: 0.7103231050599472
TEST:
Davis_WO_BindingDB
0.4999157823816743 0.4999597220086268
Trained model returned: AUC 0.7932330827067668, AUPR: 0.7505809979494189
TEST:
Davis
0.8238380809595203 0.766633150490623
Trained model returned: AUC 0.7819548872180452, AUPR: 0.7362324730745783
TEST:
Davis_WO_E
0.49434931506849317 0.4976679712981083
Trained model returned: AUC 0.7969924812030076, AUPR: 0.7438718748089737
TEST:
Davis_WO_GPCR
0.48580441640378547 0.4940429247408743
Trained model returned: AUC 0.8120300751879699, AUPR: 0.7548642598863571
TEST:
Davis_WO_IC
0.5128726287262872 0.5072975113553952
Trained model returned: AUC 0.7518796992481203, AUPR: 0.6993135011441647
TEST:
Davis_WO_NR
0.4767441860465117 0.4897400820793434
======================
Working with E
Trained model returned: AUC 0.8219178082191781, AUPR: 0.7682648401826484
TEST:
E_WO_DrugBank
0.5485490129913954 0.5334895318837412
Trained model returned: AUC 0.8227739726027397, AUPR: 0.7668339426889201
TEST:
E_WO_BIOSNAP
0.5964012140482728 0.5693657188642279
Trained model returned: AUC 0.8330479452054794, AUPR: 0.7840880839320786
TEST:
E_WO_BindingDB
0.5145696479703554 0.5080680897088793
Trained model returned: AUC 0.8287671232876712, AUPR: 0.775126171593367
TEST:
E_WO_Davis
0.525487256371814 0.5135285618060534
Trained model returned: AUC 0.8219178082191781, AUPR: 0.7702017704366748
TEST:
E
0.8597602739726028 0.8078612300469918
Trained model returned: AUC 0.8570205479452055, AUPR: 0.8150951991956767
TEST:
E_WO_GPCR
0.4881703470031546 0.4956417067906359
Trained model returned: AUC 0.8467465753424658, AUPR: 0.8008073738905601
TEST:
E_WO_IC
0.5074525745257452 0.5039408901942423
Trained model returned: AUC 0.8279109589041095, AUPR: 0.7743156703661795
TEST:
E_WO_NR
0.46511627906976744 0.4865831842576029
======================
Working with GPCR
Trained model returned: AUC 0.7658730158730158, AUPR: 0.7019810508182602
TEST:
GPCR_WO_DrugBank
0.533216635734773 0.5235156589397747
Trained model returned: AUC 0.7738095238095237, AUPR: 0.7137049941927991
TEST:
GPCR_WO_BIOSNAP
0.5265934383581443 0.5144980922843749
Trained model returned: AUC 0.7658730158730159, AUPR: 0.7053490773002968
TEST:
GPCR_WO_BindingDB
0.5442984672393465 0.5264738427079985
Trained model returned: AUC 0.7896825396825398, AUPR: 0.7384112937210282
TEST:
GPCR_WO_Davis
0.507496251874063 0.5041839545343607
Trained model returned: AUC 0.7976190476190476, AUPR: 0.7425970388155263
TEST:
GPCR_WO_E
0.501541095890411 0.5007921520932019
Trained model returned: AUC 0.7063492063492063, AUPR: 0.6510770975056689
TEST:
GPCR
0.7988958990536277 0.7369916479358749
Trained model returned: AUC 0.7658730158730159, AUPR: 0.706545979273252
TEST:
GPCR_WO_IC
0.5145663956639567 0.5079509537099636
Trained model returned: AUC 0.761904761904762, AUPR: 0.710978835978836
TEST:
GPCR_WO_NR
0.48837209302325585 0.4951550387596899
======================
Working with IC
Trained model returned: AUC 0.7915254237288134, AUPR: 0.7334242029157284
TEST:
IC_WO_DrugBank
0.563248692424498 0.5366373709117858
Trained model returned: AUC 0.8033898305084746, AUPR: 0.7407224228952487
TEST:
IC_WO_BIOSNAP
0.5852724382136147 0.5570395224409135
Trained model returned: AUC 0.7864406779661016, AUPR: 0.7225784940261184
TEST:
IC_WO_BindingDB
0.540003368704733 0.5220505953006896
Trained model returned: AUC 0.7728813559322034, AUPR: 0.7089388599876937
TEST:
IC_WO_Davis
0.4985007496251874 0.49925731578655114
Trained model returned: AUC 0.794915254237288, AUPR: 0.7417871385842472
TEST:
IC_WO_E
0.5159246575342465 0.5088822002892879
Trained model returned: AUC 0.7745762711864407, AUPR: 0.7114237288135594
TEST:
IC_WO_GPCR
0.5039432176656151 0.5020875858229727
Trained model returned: AUC 0.7813559322033898, AUPR: 0.7185197740112994
TEST:
IC
0.8492547425474255 0.7869422931596751
Trained model returned: AUC 0.8033898305084746, AUPR: 0.7450055332284933
TEST:
IC_WO_NR
0.5290697674418605 0.5290697674418605
======================
Working with NR
Trained model returned: AUC 0.6470588235294118, AUPR: 0.5928792569659442
TEST:
NR_WO_DrugBank
0.4495739834654969 0.47695869470356866
Trained model returned: AUC 0.7647058823529411, AUPR: 0.6950464396284829
TEST:
NR_WO_BIOSNAP
0.49360456713397893 0.4968405756858341
Trained model returned: AUC 0.6176470588235293, AUPR: 0.5784313725490196
TEST:
NR_WO_BindingDB
0.4983998652518107 0.4992012978059779
Trained model returned: AUC 0.676470588235294, AUPR: 0.6213235294117647
TEST:
NR_WO_Davis
0.5022488755622189 0.5011348172067812
Trained model returned: AUC 0.676470588235294, AUPR: 0.6147058823529412
TEST:
NR_WO_E
0.5113013698630137 0.5058002219024289
Trained model returned: AUC 0.7058823529411763, AUPR: 0.6408668730650154
TEST:
NR_WO_GPCR
0.5 0.5
Trained model returned: AUC 0.6764705882352942, AUPR: 0.6122994652406417
TEST:
NR_WO_IC
0.5040650406504066 0.5020544539977774
Trained model returned: AUC 0.7352941176470587, AUPR: 0.6699346405228758
TEST:
NR
0.7500000000000001 0.6792929292929293
finished!!!
           DrugBank   BIOSNAP  BindingDB  ...      GPCR        IC        NR
DrugBank   0.790535  0.679243   0.523937  ...  0.533217  0.563249  0.449574
BIOSNAP    0.761418  0.817820   0.531941  ...  0.526593  0.585272  0.493605
BindingDB  0.587081  0.581860   0.865504  ...  0.544298  0.540003  0.498400
Davis      0.492504  0.513493   0.503748  ...  0.507496  0.498501  0.502249
E          0.571062  0.576884   0.503082  ...  0.501541  0.515925  0.511301
GPCR       0.626183  0.666404   0.541009  ...  0.798896  0.503943  0.500000
IC         0.563686  0.553862   0.497629  ...  0.514566  0.849255  0.504065
NR         0.575581  0.540698   0.494186  ...  0.488372  0.529070  0.750000

[8 rows x 8 columns]
           DrugBank   BIOSNAP  BindingDB  ...      GPCR        IC        NR
DrugBank   0.739513  0.657990   0.518484  ...  0.523516  0.536637  0.476959
BIOSNAP    0.698866  0.778603   0.525020  ...  0.514498  0.557040  0.496841
BindingDB  0.552740  0.555376   0.822440  ...  0.526474  0.522051  0.499201
Davis      0.496803  0.508644   0.503748  ...  0.504184  0.499257  0.501135
E          0.544430  0.554991   0.501734  ...  0.500792  0.508882  0.505800
GPCR       0.574160  0.612807   0.525890  ...  0.736992  0.502088  0.500000
IC         0.535670  0.535688   0.499122  ...  0.507951  0.786942  0.502054
NR         0.543856  0.523823   0.498062  ...  0.495155  0.529070  0.679293

[8 rows x 8 columns]
======================
Working with DrugBank
Trained model returned: AUC 0.7668213457076566, AUPR: 0.7172479809313707
TEST:
DrugBank
0.7884047578876329 0.7362514632017023
Trained model returned: AUC 0.7764184771145328, AUPR: 0.7280298223059882
TEST:
DrugBank_WO_BIOSNAP
0.7656814568579274 0.7017200652978848
Trained model returned: AUC 0.774414680447163, AUPR: 0.7269092244602045
TEST:
DrugBank_WO_BindingDB
0.5941552972881927 0.5579074451840346
Trained model returned: AUC 0.7626028264079309, AUPR: 0.7153046297707366
TEST:
DrugBank_WO_Davis
0.49400299850074963 0.4972740902276135
Trained model returned: AUC 0.7698797721999577, AUPR: 0.7211168685132173
TEST:
DrugBank_WO_E
0.5785958904109589 0.5486101583440004
Trained model returned: AUC 0.763446530267876, AUPR: 0.7142733695756283
TEST:
DrugBank_WO_GPCR
0.5796529968454258 0.5437973536455106
Trained model returned: AUC 0.764184771145328, AUPR: 0.7158835797634777
TEST:
DrugBank_WO_IC
0.5528455284552845 0.5288531599938642
Trained model returned: AUC 0.7654503269352456, AUPR: 0.716013429847081
TEST:
DrugBank_WO_NR
0.6046511627906977 0.5638116846284742
======================
Working with BIOSNAP
Trained model returned: AUC 0.79526563064691, AUPR: 0.7546567817114433
TEST:
BIOSNAP_WO_DrugBank
0.6799603509363928 0.656937604374634
Trained model returned: AUC 0.7903867003975426, AUPR: 0.754787391424429
TEST:
BIOSNAP
0.8134123428241076 0.7749652048928397
Trained model returned: AUC 0.8012287676183592, AUPR: 0.7610737669195634
TEST:
BIOSNAP_WO_BindingDB
0.5670372241873 0.5439326695591244
Trained model returned: AUC 0.7867726779906035, AUPR: 0.7494721758183992
TEST:
BIOSNAP_WO_Davis
0.5037481259370316 0.5020652938836704
Trained model returned: AUC 0.7887603903144199, AUPR: 0.7497315887011466
TEST:
BIOSNAP_WO_E
0.5801369863013699 0.5577257952170884
Trained model returned: AUC 0.7790025298156849, AUPR: 0.7404337639789338
TEST:
BIOSNAP_WO_GPCR
0.6041009463722398 0.5653143003300731
Trained model returned: AUC 0.7936393205637875, AUPR: 0.7545316006692875
TEST:
BIOSNAP_WO_IC
0.5643631436314364 0.5455905600722674
Trained model returned: AUC 0.7862305746295627, AUPR: 0.7486528176251229
TEST:
BIOSNAP_WO_NR
0.5465116279069767 0.5284237726098191
======================
Working with BindingDB
Trained model returned: AUC 0.848357203032856, AUPR: 0.8057271891457303
TEST:
BindingDB_WO_DrugBank
0.5266998481525222 0.5207822037071084
Trained model returned: AUC 0.8458298230834035, AUPR: 0.8004649046915107
TEST:
BindingDB_WO_BIOSNAP
0.5315435756612227 0.5233578874317815
Trained model returned: AUC 0.8403538331929233, AUPR: 0.8013820202319016
TEST:
BindingDB
0.8690416035034529 0.8285995888643539
Trained model returned: AUC 0.8572030328559392, AUPR: 0.8212136500729021
TEST:
BindingDB_WO_Davis
0.5029985007496252 0.5018324171247709
Trained model returned: AUC 0.8437236731255265, AUPR: 0.8021957200527399
TEST:
BindingDB_WO_E
0.5042808219178083 0.502509447331129
Trained model returned: AUC 0.8433024431339511, AUPR: 0.8025172136877288
TEST:
BindingDB_WO_GPCR
0.5378548895899053 0.5243352861649392
Trained model returned: AUC 0.8496208930075821, AUPR: 0.8104110732310309
TEST:
BindingDB_WO_IC
0.5 0.5
Trained model returned: AUC 0.8479359730412804, AUPR: 0.8105626223248692
TEST:
BindingDB_WO_NR
0.48255813953488375 0.4965116279069767
======================
Working with Davis
Trained model returned: AUC 0.7481203007518796, AUPR: 0.6946460980036298
TEST:
Davis_WO_DrugBank
0.495486755525561 0.49819052328015545
Trained model returned: AUC 0.7744360902255638, AUPR: 0.7173533834586467
TEST:
Davis_WO_BIOSNAP
0.4938936262465674 0.49829404179734393
Trained model returned: AUC 0.7932330827067668, AUPR: 0.7505809979494189
TEST:
Davis_WO_BindingDB
0.5011790466565604 0.5006468380963075
Trained model returned: AUC 0.7556390977443609, AUPR: 0.6979141401891826
TEST:
Davis
0.8268365817091454 0.7685073392507286
Trained model returned: AUC 0.7669172932330827, AUPR: 0.7104957515740571
TEST:
Davis_WO_E
0.49503424657534245 0.4980931506849315
Trained model returned: AUC 0.7518796992481203, AUPR: 0.6993135011441647
TEST:
Davis_WO_GPCR
0.48264984227129337 0.49294230872052613
Trained model returned: AUC 0.7857142857142857, AUPR: 0.7333333333333334
TEST:
Davis_WO_IC
0.4976287262872629 0.49885191725220424
Trained model returned: AUC 0.7819548872180452, AUPR: 0.721689720484417
TEST:
Davis_WO_NR
0.5465116279069767 0.5263565891472868
======================
Working with E
Trained model returned: AUC 0.829623287671233, AUPR: 0.7759368327615576
TEST:
E_WO_DrugBank
0.5363379449974692 0.5229977770051852
Trained model returned: AUC 0.8142123287671234, AUPR: 0.7598832808341269
TEST:
E_WO_BIOSNAP
0.5927879751409163 0.5647231814290637
Trained model returned: AUC 0.8176369863013699, AUPR: 0.7627367664468121
TEST:
E_WO_BindingDB
0.5022738756947954 0.5011665970955906
Trained model returned: AUC 0.8287671232876711, AUPR: 0.7787373436569387
TEST:
E_WO_Davis
0.4842578710644677 0.4925330733166424
Trained model returned: AUC 0.8458904109589042, AUPR: 0.7942470509893456
TEST:
E
0.8578767123287672 0.8033499211622417
Trained model returned: AUC 0.8407534246575343, AUPR: 0.7906070873409112
TEST:
E_WO_GPCR
0.49605678233438477 0.4981112318744533
Trained model returned: AUC 0.8253424657534246, AUPR: 0.7734509255167673
TEST:
E_WO_IC
0.5196476964769647 0.5112999705126585
Trained model returned: AUC 0.8253424657534246, AUPR: 0.7738494136197891
TEST:
E_WO_NR
0.5058139534883721 0.5030454042081949
======================
Working with GPCR
Trained model returned: AUC 0.6944444444444444, AUPR: 0.6325102880658435
TEST:
GPCR_WO_DrugBank
0.5274801754681964 0.5221731232110317
Trained model returned: AUC 0.7619047619047619, AUPR: 0.6974358974358974
TEST:
GPCR_WO_BIOSNAP
0.5236667148431854 0.5125828834936499
Trained model returned: AUC 0.7698412698412698, AUPR: 0.7101223002862347
TEST:
GPCR_WO_BindingDB
0.5784908202796024 0.5468497182999457
Trained model returned: AUC 0.7023809523809523, AUPR: 0.6411960132890366
TEST:
GPCR_WO_Davis
0.4962518740629685 0.4988467304809134
Trained model returned: AUC 0.7420634920634921, AUPR: 0.6863674673409187
TEST:
GPCR_WO_E
0.49520547945205484 0.49778919330289195
Trained model returned: AUC 0.7658730158730158, AUPR: 0.7030683664541932
TEST:
GPCR
0.8004731861198738 0.7345372439521842
Trained model returned: AUC 0.7499999999999999, AUPR: 0.6824817518248174
TEST:
GPCR_WO_IC
0.5433604336043361 0.5247704926937911
Trained model returned: AUC 0.7539682539682541, AUPR: 0.6982734614313562
TEST:
GPCR_WO_NR
0.4941860465116279 0.5
======================
Working with IC
Trained model returned: AUC 0.7661016949152544, AUPR: 0.7019913855792359
TEST:
IC_WO_DrugBank
0.549708959001181 0.5286751283092315
Trained model returned: AUC 0.7932203389830508, AUPR: 0.7343733505366254
TEST:
IC_WO_BIOSNAP
0.5540179216649804 0.5344878266307072
Trained model returned: AUC 0.7949152542372881, AUPR: 0.7341387998167659
TEST:
IC_WO_BindingDB
0.5387401044298468 0.5212870539401524
Trained model returned: AUC 0.811864406779661, AUPR: 0.7591391293744665
TEST:
IC_WO_Davis
0.4692653673163419 0.4871835337392033
Trained model returned: AUC 0.7932203389830508, AUPR: 0.7308744861760235
TEST:
IC_WO_E
0.5133561643835617 0.5073117688231177
Trained model returned: AUC 0.7779661016949152, AUPR: 0.7159871736142922
TEST:
IC_WO_GPCR
0.4968454258675079 0.4984870919976824
Trained model returned: AUC 0.7830508474576271, AUPR: 0.7280995840317874
TEST:
IC
0.8489159891598916 0.7856533747886985
Trained model returned: AUC 0.8033898305084746, AUPR: 0.7425089280653023
TEST:
IC_WO_NR
0.5116279069767442 0.5066445182724253
======================
Working with NR
Trained model returned: AUC 0.7058823529411764, AUPR: 0.6509803921568627
TEST:
NR_WO_DrugBank
0.459676058714358 0.4811149319033557
Trained model returned: AUC 0.6470588235294118, AUPR: 0.5980392156862745
TEST:
NR_WO_BIOSNAP
0.4989882931059402 0.4994946724662523
Trained model returned: AUC 0.588235294117647, AUPR: 0.5498721227621484
TEST:
NR_WO_BindingDB
0.5027791814047499 0.5013938315692184
Trained model returned: AUC 0.6176470588235294, AUPR: 0.5705882352941176
TEST:
NR_WO_Davis
0.4985007496251874 0.499255059970015
Trained model returned: AUC 0.5588235294117647, AUPR: 0.5326797385620915
TEST:
NR_WO_E
0.49469178082191784 0.4973658946407815
Trained model returned: AUC 0.6176470588235294, AUPR: 0.5695187165775402
TEST:
NR_WO_GPCR
0.5228706624605678 0.5118804649291808
Trained model returned: AUC 0.5588235294117647, AUPR: 0.5330882352941176
TEST:
NR_WO_IC
0.5138888888888888 0.5070533248353516
Trained model returned: AUC 0.676470588235294, AUPR: 0.6147058823529412
TEST:
NR
0.7093023255813953 0.6415868673050615
finished!!!
           DrugBank   BIOSNAP  BindingDB  ...      GPCR        IC        NR
DrugBank   0.788405  0.679960   0.526700  ...  0.527480  0.549709  0.459676
BIOSNAP    0.765681  0.813412   0.531544  ...  0.523667  0.554018  0.498988
BindingDB  0.594155  0.567037   0.869042  ...  0.578491  0.538740  0.502779
Davis      0.494003  0.503748   0.502999  ...  0.496252  0.469265  0.498501
E          0.578596  0.580137   0.504281  ...  0.495205  0.513356  0.494692
GPCR       0.579653  0.604101   0.537855  ...  0.800473  0.496845  0.522871
IC         0.552846  0.564363   0.500000  ...  0.543360  0.848916  0.513889
NR         0.604651  0.546512   0.482558  ...  0.494186  0.511628  0.709302

[8 rows x 8 columns]
           DrugBank   BIOSNAP  BindingDB  ...      GPCR        IC        NR
DrugBank   0.736251  0.656938   0.520782  ...  0.522173  0.528675  0.481115
BIOSNAP    0.701720  0.774965   0.523358  ...  0.512583  0.534488  0.499495
BindingDB  0.557907  0.543933   0.828600  ...  0.546850  0.521287  0.501394
Davis      0.497274  0.502065   0.501832  ...  0.498847  0.487184  0.499255
E          0.548610  0.557726   0.502509  ...  0.497789  0.507312  0.497366
GPCR       0.543797  0.565314   0.524335  ...  0.734537  0.498487  0.511880
IC         0.528853  0.545591   0.500000  ...  0.524770  0.785653  0.507053
NR         0.563812  0.528424   0.496512  ...  0.500000  0.506645  0.641587

[8 rows x 8 columns]
======================
Working with DrugBank
Trained model returned: AUC 0.7695633832524784, AUPR: 0.7193428118512435
TEST:
DrugBank
0.7882149485405769 0.7364708896805578
Trained model returned: AUC 0.7675595865851087, AUPR: 0.7195083448417361
TEST:
DrugBank_WO_BIOSNAP
0.7634051163462928 0.7022367668920882
Trained model returned: AUC 0.7641847711453279, AUPR: 0.7124253367403075
TEST:
DrugBank_WO_BindingDB
0.593060468249958 0.5566415239397482
Trained model returned: AUC 0.7626028264079308, AUPR: 0.712873398951938
TEST:
DrugBank_WO_Davis
0.48575712143928035 0.49553164594173504
Trained model returned: AUC 0.7720944948323138, AUPR: 0.7241943841147217
TEST:
DrugBank_WO_E
0.5803082191780823 0.5520057630800796
Trained model returned: AUC 0.7618645855304788, AUPR: 0.7130502222767547
TEST:
DrugBank_WO_GPCR
0.5859621451104101 0.5477861360511203
Trained model returned: AUC 0.7739928285171905, AUPR: 0.7273764762808986
TEST:
DrugBank_WO_IC
0.5592818428184281 0.5329012364605105
Trained model returned: AUC 0.7653448639527526, AUPR: 0.7137321305806896
TEST:
DrugBank_WO_NR
0.5872093023255813 0.5530839231547018
======================
Working with BIOSNAP
Trained model returned: AUC 0.7905674015178895, AUPR: 0.7510881350073066
TEST:
BIOSNAP_WO_DrugBank
0.6801290703559979 0.6577496381217112
Trained model returned: AUC 0.7855077701481749, AUPR: 0.7448132237243401
TEST:
BIOSNAP
0.8165919930625812 0.7770044458300898
Trained model returned: AUC 0.7829779544633176, AUPR: 0.7435017481086283
TEST:
BIOSNAP_WO_BindingDB
0.5723429341418225 0.5483994443294364
Trained model returned: AUC 0.7837007589447055, AUPR: 0.7462107804899694
TEST:
BIOSNAP_WO_Davis
0.4977511244377811 0.4989667328497914
Trained model returned: AUC 0.7799060354174197, AUPR: 0.7417788629087059
TEST:
BIOSNAP_WO_E
0.5799657534246576 0.5566097720147842
Trained model returned: AUC 0.7900252981568485, AUPR: 0.7488704365710039
TEST:
BIOSNAP_WO_GPCR
0.6593059936908517 0.6038847820303295
Trained model returned: AUC 0.7853270690278279, AUPR: 0.7442718885948658
TEST:
BIOSNAP_WO_IC
0.5528455284552846 0.5329038196042337
Trained model returned: AUC 0.7912902059992772, AUPR: 0.7528505395454912
TEST:
BIOSNAP_WO_NR
0.5523255813953488 0.5322003577817531
======================
Working with BindingDB
Trained model returned: AUC 0.8572030328559394, AUPR: 0.820412458310852
TEST:
BindingDB_WO_DrugBank
0.5291673696642484 0.5229215253128301
Trained model returned: AUC 0.8449873631002527, AUPR: 0.8076825094827135
TEST:
BindingDB_WO_BIOSNAP
0.5301705448764271 0.5229041442482126
Trained model returned: AUC 0.8424599831508003, AUPR: 0.8019435907780297
TEST:
BindingDB
0.8708101734882937 0.8316761128925931
Trained model returned: AUC 0.8454085930918281, AUPR: 0.8065582881977569
TEST:
BindingDB_WO_Davis
0.5112443778110944 0.5092888338439476
Trained model returned: AUC 0.8555181128896377, AUPR: 0.8182353145341701
TEST:
BindingDB_WO_E
0.5042808219178083 0.5025977637279007
Trained model returned: AUC 0.8542544229149115, AUPR: 0.8175268201621875
TEST:
BindingDB_WO_GPCR
0.5197160883280757 0.5114277964194579
Trained model returned: AUC 0.845408593091828, AUPR: 0.8035892532627806
TEST:
BindingDB_WO_IC
0.4969512195121951 0.4987946681792399
Trained model returned: AUC 0.848357203032856, AUPR: 0.8057271891457303
TEST:
BindingDB_WO_NR
0.5 0.5
======================
Working with Davis
Trained model returned: AUC 0.7293233082706767, AUPR: 0.6788301027798855
TEST:
Davis_WO_DrugBank
0.500295258984309 0.5001482966364057
Trained model returned: AUC 0.7744360902255638, AUPR: 0.73083409458225
TEST:
Davis_WO_BIOSNAP
0.4932071108541697 0.4969813847641902
Trained model returned: AUC 0.7669172932330828, AUPR: 0.7092631578947368
TEST:
Davis_WO_BindingDB
0.493515243388917 0.49734506435216835
Trained model returned: AUC 0.7857142857142857, AUPR: 0.7433862433862434
TEST:
Davis
0.8298350824587707 0.7815794675009762
Trained model returned: AUC 0.7593984962406015, AUPR: 0.7103231050599472
TEST:
Davis_WO_E
0.49760273972602737 0.49890625
Trained model returned: AUC 0.7368421052631579, AUPR: 0.6811145510835912
TEST:
Davis_WO_GPCR
0.4889589905362776 0.49503954647282034
Trained model returned: AUC 0.7556390977443609, AUPR: 0.6968015276285954
TEST:
Davis_WO_IC
0.502710027100271 0.5014272809394761
Trained model returned: AUC 0.7819548872180452, AUPR: 0.721689720484417
TEST:
Davis_WO_NR
0.47093023255813954 0.48742928975487115
======================
Working with E
Trained model returned: AUC 0.839041095890411, AUPR: 0.7877074088365812
TEST:
E_WO_DrugBank
0.5489497216129576 0.5314236255687831
Trained model returned: AUC 0.8261986301369862, AUPR: 0.7779622338135872
TEST:
E_WO_BIOSNAP
0.6093727417256829 0.5816421833692444
Trained model returned: AUC 0.8253424657534247, AUPR: 0.7722724181482561
TEST:
E_WO_BindingDB
0.511622031328954 0.5061936111614702
Trained model returned: AUC 0.8321917808219177, AUPR: 0.7836966303369663
TEST:
E_WO_Davis
0.47076461769115446 0.4864518960032179
Trained model returned: AUC 0.8441780821917807, AUPR: 0.7897417528655297
TEST:
E
0.8654109589041096 0.8131046410409126
Trained model returned: AUC 0.8467465753424659, AUPR: 0.8003464911194234
TEST:
E_WO_GPCR
0.4968454258675079 0.49854889589905366
Trained model returned: AUC 0.8570205479452054, AUPR: 0.8107283632205164
TEST:
E_WO_IC
0.48949864498644985 0.4952501563477173
Trained model returned: AUC 0.8416095890410958, AUPR: 0.796313289941724
TEST:
E_WO_NR
0.47674418604651164 0.48992248062015503
======================
Working with GPCR
Trained model returned: AUC 0.7658730158730158, AUPR: 0.7030683664541932
TEST:
GPCR_WO_DrugBank
0.5381727686856758 0.524195280477197
Trained model returned: AUC 0.753968253968254, AUPR: 0.6904761904761905
TEST:
GPCR_WO_BIOSNAP
0.540757334874982 0.5240158726383596
Trained model returned: AUC 0.7777777777777778, AUPR: 0.7241715399610136
TEST:
GPCR_WO_BindingDB
0.5208017517264613 0.5132458551968053
Trained model returned: AUC 0.7301587301587302, AUPR: 0.6627551020408164
TEST:
GPCR_WO_Davis
0.49550224887556227 0.49800099950024984
Trained model returned: AUC 0.7103174603174602, AUPR: 0.644133644133644
TEST:
GPCR_WO_E
0.5 0.5
Trained model returned: AUC 0.7698412698412699, AUPR: 0.7183261183261183
TEST:
GPCR
0.7902208201892744 0.7248128442958708
Trained model returned: AUC 0.7896825396825397, AUPR: 0.7322248458612095
TEST:
GPCR_WO_IC
0.4915311653116531 0.4959007811661769
Trained model returned: AUC 0.7658730158730159, AUPR: 0.7041904761904761
TEST:
GPCR_WO_NR
0.4883720930232558 0.5
======================
Working with IC
Trained model returned: AUC 0.7898305084745763, AUPR: 0.7289169778799195
TEST:
IC_WO_DrugBank
0.538278218322929 0.5209204272030039
Trained model returned: AUC 0.7949152542372883, AUPR: 0.7324166573128297
TEST:
IC_WO_BIOSNAP
0.5628342245989305 0.5436972557673838
Trained model returned: AUC 0.8118644067796611, AUPR: 0.7541908521012306
TEST:
IC_WO_BindingDB
0.5229914098029307 0.5122343086760242
Trained model returned: AUC 0.8067796610169493, AUPR: 0.7487972508591065
TEST:
IC_WO_Davis
0.4985007496251874 0.49925998539191946
Trained model returned: AUC 0.8067796610169491, AUPR: 0.7521925327221184
TEST:
IC_WO_E
0.5243150684931507 0.514465515346861
Trained model returned: AUC 0.8050847457627119, AUPR: 0.7465753424657534
TEST:
IC_WO_GPCR
0.4881703470031546 0.4947327822422805
Trained model returned: AUC 0.8, AUPR: 0.7425087108013938
TEST:
IC
0.842479674796748 0.7773854386305972
Trained model returned: AUC 0.7694915254237288, AUPR: 0.7093958542490992
TEST:
IC_WO_NR
0.5116279069767441 0.5067829457364341
======================
Working with NR
Trained model returned: AUC 0.5882352941176471, AUPR: 0.5504201680672269
TEST:
NR_WO_DrugBank
0.5395857938248693 0.5207752409063171
Trained model returned: AUC 0.7058823529411765, AUPR: 0.6453287197231834
TEST:
NR_WO_BIOSNAP
0.5203425350484174 0.5104003336314982
Trained model returned: AUC 0.7647058823529411, AUPR: 0.68
TEST:
NR_WO_BindingDB
0.5021896580764696 0.5010973427749881
Trained model returned: AUC 0.5588235294117647, AUPR: 0.5330882352941176
TEST:
NR_WO_Davis
0.5059970014992503 0.5030277544154752
Trained model returned: AUC 0.7058823529411765, AUPR: 0.6453287197231834
TEST:
NR_WO_E
0.48613013698630136 0.4931824132711024
Trained model returned: AUC 0.6470588235294117, AUPR: 0.5951557093425606
TEST:
NR_WO_GPCR
0.5520504731861199 0.5282676199026448
Trained model returned: AUC 0.7647058823529411, AUPR: 0.6950464396284829
TEST:
NR_WO_IC
0.5193089430894309 0.509880098800988
Trained model returned: AUC 0.7352941176470588, AUPR: 0.6647058823529411
TEST:
NR
0.7674418604651163 0.6964878974845752
finished!!!
           DrugBank   BIOSNAP  BindingDB  ...      GPCR        IC        NR
DrugBank   0.788215  0.680129   0.529167  ...  0.538173  0.538278  0.539586
BIOSNAP    0.763405  0.816592   0.530171  ...  0.540757  0.562834  0.520343
BindingDB  0.593060  0.572343   0.870810  ...  0.520802  0.522991  0.502190
Davis      0.485757  0.497751   0.511244  ...  0.495502  0.498501  0.505997
E          0.580308  0.579966   0.504281  ...  0.500000  0.524315  0.486130
GPCR       0.585962  0.659306   0.519716  ...  0.790221  0.488170  0.552050
IC         0.559282  0.552846   0.496951  ...  0.491531  0.842480  0.519309
NR         0.587209  0.552326   0.500000  ...  0.488372  0.511628  0.767442

[8 rows x 8 columns]
           DrugBank   BIOSNAP  BindingDB  ...      GPCR        IC        NR
DrugBank   0.736471  0.657750   0.522922  ...  0.524195  0.520920  0.520775
BIOSNAP    0.702237  0.777004   0.522904  ...  0.524016  0.543697  0.510400
BindingDB  0.556642  0.548399   0.831676  ...  0.513246  0.512234  0.501097
Davis      0.495532  0.498967   0.509289  ...  0.498001  0.499260  0.503028
E          0.552006  0.556610   0.502598  ...  0.500000  0.514466  0.493182
GPCR       0.547786  0.603885   0.511428  ...  0.724813  0.494733  0.528268
IC         0.532901  0.532904   0.498795  ...  0.495901  0.777385  0.509880
NR         0.553084  0.532200   0.500000  ...  0.500000  0.506783  0.696488

[8 rows x 8 columns]
